<?xml version="1.0" encoding="UTF-8"?>
<!-- Generated by org.testng.reporters.JUnitReportReporter -->
<testsuite hostname="DESKTOP-97PDBKT" failures="0" tests="1" name="testGit.NewTest" time="0.043" errors="0" timestamp="03 Mar 2021 11:38:20 GMT" skipped="0">
  <testcase classname="testGit.NewTest" name="testCase1" time="0.043"/>
</testsuite> <!-- testGit.NewTest -->
